2025-05-16T20:37:10.629+03:00  INFO 10144 --- [main] com.example.demo11.Demo11Application     : Starting Demo11Application using Java 23.0.2 with PID 10144 (C:\Users\stukn\IdeaProjects\demo11\target\classes started by admin in C:\Users\stukn\IdeaProjects\demo11)
2025-05-16T20:37:10.648+03:00  INFO 10144 --- [main] com.example.demo11.Demo11Application     : No active profile set, falling back to 1 default profile: "default"
2025-05-16T20:37:12.304+03:00  INFO 10144 --- [main] .s.d.r.c.RepositoryConfigurationDelegate : Bootstrapping Spring Data JPA repositories in DEFAULT mode.
2025-05-16T20:37:12.425+03:00  INFO 10144 --- [main] .s.d.r.c.RepositoryConfigurationDelegate : Finished Spring Data repository scanning in 103 ms. Found 2 JPA repository interfaces.
2025-05-16T20:37:14.036+03:00  INFO 10144 --- [main] o.s.b.w.embedded.tomcat.TomcatWebServer  : Tomcat initialized with port 8080 (http)
2025-05-16T20:37:14.187+03:00  INFO 10144 --- [main] w.s.c.ServletWebServerApplicationContext : Root WebApplicationContext: initialization completed in 3410 ms
2025-05-16T20:37:15.122+03:00  INFO 10144 --- [main] o.hibernate.jpa.internal.util.LogHelper  : HHH000204: Processing PersistenceUnitInfo [name: default]
2025-05-16T20:37:15.251+03:00  INFO 10144 --- [main] org.hibernate.Version                    : HHH000412: Hibernate ORM core version 6.5.3.Final
2025-05-16T20:37:15.348+03:00  INFO 10144 --- [main] o.h.c.internal.RegionFactoryInitiator    : HHH000026: Second-level cache disabled
2025-05-16T20:37:15.998+03:00  INFO 10144 --- [main] o.s.o.j.p.SpringPersistenceUnitInfo      : No LoadTimeWeaver setup: ignoring JPA class transformer
2025-05-16T20:37:16.055+03:00  INFO 10144 --- [main] com.zaxxer.hikari.HikariDataSource       : HikariPool-1 - Starting...
2025-05-16T20:37:50.800+03:00  INFO 5532 --- [main] com.example.demo11.Demo11Application     : Starting Demo11Application using Java 23.0.2 with PID 5532 (C:\Users\stukn\IdeaProjects\demo11\target\classes started by admin in C:\Users\stukn\IdeaProjects\demo11)
2025-05-16T20:37:50.807+03:00  INFO 5532 --- [main] com.example.demo11.Demo11Application     : No active profile set, falling back to 1 default profile: "default"
2025-05-16T20:37:52.364+03:00  INFO 5532 --- [main] .s.d.r.c.RepositoryConfigurationDelegate : Bootstrapping Spring Data JPA repositories in DEFAULT mode.
2025-05-16T20:37:52.481+03:00  INFO 5532 --- [main] .s.d.r.c.RepositoryConfigurationDelegate : Finished Spring Data repository scanning in 100 ms. Found 2 JPA repository interfaces.
2025-05-16T20:37:53.925+03:00  INFO 5532 --- [main] o.s.b.w.embedded.tomcat.TomcatWebServer  : Tomcat initialized with port 8080 (http)
2025-05-16T20:37:53.942+03:00  INFO 5532 --- [main] o.apache.catalina.core.StandardService   : Starting service [Tomcat]
2025-05-16T20:37:53.943+03:00  INFO 5532 --- [main] o.apache.catalina.core.StandardEngine    : Starting Servlet engine: [Apache Tomcat/10.1.31]
2025-05-16T20:37:54.007+03:00  INFO 5532 --- [main] o.a.c.c.C.[Tomcat].[localhost].[/]       : Initializing Spring embedded WebApplicationContext
2025-05-16T20:37:54.015+03:00  INFO 5532 --- [main] w.s.c.ServletWebServerApplicationContext : Root WebApplicationContext: initialization completed in 3073 ms
2025-05-16T20:37:54.221+03:00  INFO 5532 --- [main] o.hibernate.jpa.internal.util.LogHelper  : HHH000204: Processing PersistenceUnitInfo [name: default]
2025-05-16T20:37:54.271+03:00  INFO 5532 --- [main] org.hibernate.Version                    : HHH000412: Hibernate ORM core version 6.5.3.Final
2025-05-16T20:37:54.301+03:00  INFO 5532 --- [main] o.h.c.internal.RegionFactoryInitiator    : HHH000026: Second-level cache disabled
2025-05-16T20:37:54.586+03:00  INFO 5532 --- [main] o.s.o.j.p.SpringPersistenceUnitInfo      : No LoadTimeWeaver setup: ignoring JPA class transformer
2025-05-16T20:37:54.610+03:00  INFO 5532 --- [main] com.zaxxer.hikari.HikariDataSource       : HikariPool-1 - Starting...
2025-05-16T20:37:54.787+03:00  INFO 5532 --- [main] com.zaxxer.hikari.pool.HikariPool        : HikariPool-1 - Added connection com.mysql.cj.jdbc.ConnectionImpl@7019d619
2025-05-16T20:37:54.789+03:00  INFO 5532 --- [main] com.zaxxer.hikari.HikariDataSource       : HikariPool-1 - Start completed.
2025-05-16T20:37:54.856+03:00  WARN 5532 --- [main] org.hibernate.dialect.Dialect            : HHH000511: The 5.7.24 version for [org.hibernate.dialect.MySQLDialect] is no longer supported, hence certain features may not work properly. The minimum supported version is 8.0.0. Check the community dialects project for available legacy versions.
2025-05-16T20:37:55.737+03:00  INFO 5532 --- [main] o.h.e.t.j.p.i.JtaPlatformInitiator       : HHH000489: No JTA platform available (set 'hibernate.transaction.jta.platform' to enable JTA platform integration)
2025-05-16T20:37:55.802+03:00  INFO 5532 --- [main] j.LocalContainerEntityManagerFactoryBean : Initialized JPA EntityManagerFactory for persistence unit 'default'
2025-05-16T20:37:56.310+03:00  INFO 5532 --- [main] o.s.d.j.r.query.QueryEnhancerFactory     : Hibernate is in classpath; If applicable, HQL parser will be used.
2025-05-16T20:37:56.877+03:00  WARN 5532 --- [main] JpaBaseConfiguration$JpaWebConfiguration : spring.jpa.open-in-view is enabled by default. Therefore, database queries may be performed during view rendering. Explicitly configure spring.jpa.open-in-view to disable this warning
2025-05-16T20:37:58.009+03:00  INFO 5532 --- [main] o.s.b.w.embedded.tomcat.TomcatWebServer  : Tomcat started on port 8080 (http) with context path '/'
2025-05-16T20:37:58.017+03:00  INFO 5532 --- [main] com.example.demo11.Demo11Application     : Started Demo11Application in 8.172 seconds (process running for 9.713)
2025-05-16T20:38:04.788+03:00  INFO 5532 --- [http-nio-8080-exec-1] o.a.c.c.C.[Tomcat].[localhost].[/]       : Initializing Spring DispatcherServlet 'dispatcherServlet'
2025-05-16T20:38:04.788+03:00  INFO 5532 --- [http-nio-8080-exec-1] o.s.web.servlet.DispatcherServlet        : Initializing Servlet 'dispatcherServlet'
2025-05-16T20:38:04.790+03:00  INFO 5532 --- [http-nio-8080-exec-1] o.s.web.servlet.DispatcherServlet        : Completed initialization in 2 ms
2025-05-16T20:38:04.873+03:00  INFO 5532 --- [http-nio-8080-exec-1] c.example.demo11.aspect.LoggingAspect    : Вход в метод: CityController.getCitiesPage(..) с аргументами: [{}]
2025-05-16T20:39:59.854+03:00  INFO 5532 --- [SpringApplicationShutdownHook] j.LocalContainerEntityManagerFactoryBean : Closing JPA EntityManagerFactory for persistence unit 'default'
2025-05-16T20:39:59.869+03:00  INFO 5532 --- [SpringApplicationShutdownHook] com.zaxxer.hikari.HikariDataSource       : HikariPool-1 - Shutdown initiated...
2025-05-16T20:39:59.884+03:00  INFO 5532 --- [SpringApplicationShutdownHook] com.zaxxer.hikari.HikariDataSource       : HikariPool-1 - Shutdown completed.
